<?xml version="1.0" encoding="UTF-8"?>
<!-- Generated by org.testng.reporters.JUnitXMLReporter -->
<testsuite ignored="0" hostname="Danish" failures="1" tests="1" name="Test" time="26.527" errors="0" timestamp="2025-02-05T18:10:29 IST">
  <testcase classname="testCases.TC001_RegistrationCheck" name="verify_account_registration" time="2.257">
    <failure type="java.lang.AssertionError" message="expected [true] but found [false]">
      <![CDATA[java.lang.AssertionError: expected [true] but found [false]
at testCases.TC001_RegistrationCheck.verify_account_registration(TC001_RegistrationCheck.java:53)
at java.base/java.util.ArrayList.forEach(ArrayList.java:1511)
... Removed 31 stack frames]]>
    </failure>
  </testcase> <!-- verify_account_registration -->
</testsuite> <!-- Test -->
