<?xml version="1.0" encoding="UTF-8"?>
<!-- Generated by org.testng.reporters.JUnitXMLReporter -->
<testsuite ignored="2" hostname="Danish" failures="1" tests="3" name="Test" time="23.563" errors="0" timestamp="2025-02-05T17:01:43 IST">
  <testcase classname="testCases.TC001_RegistrationCheck" name="verify_account_registration" time="3.096">
    <failure type="java.lang.AssertionError" message="expected [true] but found [false]">
      <![CDATA[java.lang.AssertionError: expected [true] but found [false]
at testCases.TC001_RegistrationCheck.verify_account_registration(TC001_RegistrationCheck.java:52)
at java.base/java.util.ArrayList.forEach(ArrayList.java:1511)
... Removed 35 stack frames]]>
    </failure>
  </testcase> <!-- verify_account_registration -->
  <testcase classname="testCases.TC004_VerifyMacProductSuccess_AddToCart" name="verifyMacAddToCart" time="1.157"/>
  <testcase classname="testCases.TC005_Register_Login" name="testcaseRegister_login" time="6.706"/>
  <testcase classname="testCases.TC002_LoginCheck" name="loginCheck" time="0.0">
    <ignored/>
  </testcase> <!-- loginCheck -->
  <testcase classname="testCases.TC003_DataDrivenLoginCheck" name="loginCheck" time="0.0">
    <ignored/>
  </testcase> <!-- loginCheck -->
</testsuite> <!-- Test -->
