<?xml version="1.0" encoding="UTF-8"?>
<testng-results ignored="0" total="3" passed="2" failed="1" skipped="0">
  <reporter-output>
  </reporter-output>
  <suite started-at="2025-02-05T17:01:18 IST" name="Suite" finished-at="2025-02-05T17:01:42 IST" duration-ms="23563">
    <groups>
      <group name="sanity">
        <method signature="TC001_RegistrationCheck.verify_account_registration()[pri:0, instance:testCases.TC001_RegistrationCheck@79924b]" name="verify_account_registration" class="testCases.TC001_RegistrationCheck"/>
        <method signature="TC004_VerifyMacProductSuccess_AddToCart.verifyMacAddToCart()[pri:0, instance:testCases.TC004_VerifyMacProductSuccess_AddToCart@12468a38]" name="verifyMacAddToCart" class="testCases.TC004_VerifyMacProductSuccess_AddToCart"/>
        <method signature="TC005_Register_Login.testcaseRegister_login()[pri:0, instance:testCases.TC005_Register_Login@1aa7ecca]" name="testcaseRegister_login" class="testCases.TC005_Register_Login"/>
      </group> <!-- sanity -->
      <group name="master">
        <method signature="TC001_RegistrationCheck.verify_account_registration()[pri:0, instance:testCases.TC001_RegistrationCheck@79924b]" name="verify_account_registration" class="testCases.TC001_RegistrationCheck"/>
        <method signature="TC005_Register_Login.testcaseRegister_login()[pri:0, instance:testCases.TC005_Register_Login@1aa7ecca]" name="testcaseRegister_login" class="testCases.TC005_Register_Login"/>
      </group> <!-- master -->
    </groups>
    <test started-at="2025-02-05T17:01:18 IST" name="Test" finished-at="2025-02-05T17:01:42 IST" duration-ms="23563">
      <class name="testCases.TC004_VerifyMacProductSuccess_AddToCart">
        <test-method is-config="true" signature="setup(java.lang.String,java.lang.String,java.lang.String)[pri:0, instance:testCases.TC004_VerifyMacProductSuccess_AddToCart@12468a38]" started-at="2025-02-05T17:01:28 IST" name="setup" finished-at="2025-02-05T17:01:31 IST" duration-ms="3348" status="PASS">
          <params>
            <param index="0">
              <value>
                <![CDATA[windows]]>
              </value>
            </param>
            <param index="1">
              <value>
                <![CDATA[chrome]]>
              </value>
            </param>
            <param index="2">
              <value>
                <![CDATA[local]]>
              </value>
            </param>
          </params>
          <reporter-output>
          </reporter-output>
        </test-method> <!-- setup -->
        <test-method signature="verifyMacAddToCart()[pri:0, instance:testCases.TC004_VerifyMacProductSuccess_AddToCart@12468a38]" started-at="2025-02-05T17:01:31 IST" name="verifyMacAddToCart" finished-at="2025-02-05T17:01:32 IST" duration-ms="1157" status="PASS">
          <reporter-output>
          </reporter-output>
        </test-method> <!-- verifyMacAddToCart -->
        <test-method is-config="true" signature="teardown()[pri:0, instance:testCases.TC004_VerifyMacProductSuccess_AddToCart@12468a38]" started-at="2025-02-05T17:01:32 IST" name="teardown" finished-at="2025-02-05T17:01:32 IST" duration-ms="236" status="PASS">
          <reporter-output>
          </reporter-output>
        </test-method> <!-- teardown -->
      </class> <!-- testCases.TC004_VerifyMacProductSuccess_AddToCart -->
      <class name="testCases.TC005_Register_Login">
        <test-method is-config="true" signature="setup(java.lang.String,java.lang.String,java.lang.String)[pri:0, instance:testCases.TC005_Register_Login@1aa7ecca]" started-at="2025-02-05T17:01:32 IST" name="setup" finished-at="2025-02-05T17:01:35 IST" duration-ms="2754" status="PASS">
          <params>
            <param index="0">
              <value>
                <![CDATA[windows]]>
              </value>
            </param>
            <param index="1">
              <value>
                <![CDATA[chrome]]>
              </value>
            </param>
            <param index="2">
              <value>
                <![CDATA[local]]>
              </value>
            </param>
          </params>
          <reporter-output>
          </reporter-output>
        </test-method> <!-- setup -->
        <test-method signature="testcaseRegister_login()[pri:0, instance:testCases.TC005_Register_Login@1aa7ecca]" started-at="2025-02-05T17:01:35 IST" name="testcaseRegister_login" finished-at="2025-02-05T17:01:42 IST" duration-ms="6706" status="PASS">
          <reporter-output>
          </reporter-output>
        </test-method> <!-- testcaseRegister_login -->
        <test-method is-config="true" signature="teardown()[pri:0, instance:testCases.TC005_Register_Login@1aa7ecca]" started-at="2025-02-05T17:01:42 IST" name="teardown" finished-at="2025-02-05T17:01:42 IST" duration-ms="266" status="PASS">
          <reporter-output>
          </reporter-output>
        </test-method> <!-- teardown -->
      </class> <!-- testCases.TC005_Register_Login -->
      <class name="testCases.TC001_RegistrationCheck">
        <test-method is-config="true" signature="setup(java.lang.String,java.lang.String,java.lang.String)[pri:0, instance:testCases.TC001_RegistrationCheck@79924b]" started-at="2025-02-05T17:01:19 IST" name="setup" finished-at="2025-02-05T17:01:24 IST" duration-ms="4951" status="PASS">
          <params>
            <param index="0">
              <value>
                <![CDATA[windows]]>
              </value>
            </param>
            <param index="1">
              <value>
                <![CDATA[chrome]]>
              </value>
            </param>
            <param index="2">
              <value>
                <![CDATA[local]]>
              </value>
            </param>
          </params>
          <reporter-output>
          </reporter-output>
        </test-method> <!-- setup -->
        <test-method signature="verify_account_registration()[pri:0, instance:testCases.TC001_RegistrationCheck@79924b]" started-at="2025-02-05T17:01:24 IST" name="verify_account_registration" finished-at="2025-02-05T17:01:27 IST" duration-ms="3096" status="FAIL">
          <exception class="java.lang.AssertionError">
            <message>
              <![CDATA[expected [true] but found [false]]]>
            </message>
            <full-stacktrace>
              <![CDATA[java.lang.AssertionError: expected [true] but found [false]
at org.testng.Assert.fail(Assert.java:111)
at org.testng.Assert.failNotEquals(Assert.java:1578)
at org.testng.Assert.assertTrue(Assert.java:57)
at org.testng.Assert.assertTrue(Assert.java:67)
at testCases.TC001_RegistrationCheck.verify_account_registration(TC001_RegistrationCheck.java:52)
at java.base/jdk.internal.reflect.NativeMethodAccessorImpl.invoke0(Native Method)
at java.base/jdk.internal.reflect.NativeMethodAccessorImpl.invoke(NativeMethodAccessorImpl.java:77)
at java.base/jdk.internal.reflect.DelegatingMethodAccessorImpl.invoke(DelegatingMethodAccessorImpl.java:43)
at java.base/java.lang.reflect.Method.invoke(Method.java:568)
at org.testng.internal.invokers.MethodInvocationHelper.invokeMethod(MethodInvocationHelper.java:141)
at org.testng.internal.invokers.TestInvoker.invokeMethod(TestInvoker.java:686)
at org.testng.internal.invokers.TestInvoker.invokeTestMethod(TestInvoker.java:230)
at org.testng.internal.invokers.MethodRunner.runInSequence(MethodRunner.java:63)
at org.testng.internal.invokers.TestInvoker$MethodInvocationAgent.invoke(TestInvoker.java:992)
at org.testng.internal.invokers.TestInvoker.invokeTestMethods(TestInvoker.java:203)
at org.testng.internal.invokers.TestMethodWorker.invokeTestMethods(TestMethodWorker.java:154)
at org.testng.internal.invokers.TestMethodWorker.run(TestMethodWorker.java:134)
at java.base/java.util.ArrayList.forEach(ArrayList.java:1511)
at org.testng.TestRunner.privateRun(TestRunner.java:739)
at org.testng.TestRunner.run(TestRunner.java:614)
at org.testng.SuiteRunner.runTest(SuiteRunner.java:421)
at org.testng.SuiteRunner.runSequentially(SuiteRunner.java:413)
at org.testng.SuiteRunner.privateRun(SuiteRunner.java:373)
at org.testng.SuiteRunner.run(SuiteRunner.java:312)
at org.testng.SuiteRunnerWorker.runSuite(SuiteRunnerWorker.java:52)
at org.testng.SuiteRunnerWorker.run(SuiteRunnerWorker.java:95)
at org.testng.TestNG.runSuitesSequentially(TestNG.java:1274)
at org.testng.TestNG.runSuitesLocally(TestNG.java:1208)
at org.testng.TestNG.runSuites(TestNG.java:1112)
at org.testng.TestNG.run(TestNG.java:1079)
at org.apache.maven.surefire.testng.TestNGExecutor.run(TestNGExecutor.java:308)
at org.apache.maven.surefire.testng.TestNGXmlTestSuite.execute(TestNGXmlTestSuite.java:71)
at org.apache.maven.surefire.testng.TestNGProvider.invoke(TestNGProvider.java:113)
at org.apache.maven.surefire.booter.ForkedBooter.runSuitesInProcess(ForkedBooter.java:385)
at org.apache.maven.surefire.booter.ForkedBooter.execute(ForkedBooter.java:162)
at org.apache.maven.surefire.booter.ForkedBooter.run(ForkedBooter.java:507)
at org.apache.maven.surefire.booter.ForkedBooter.main(ForkedBooter.java:495)
]]>
            </full-stacktrace>
          </exception> <!-- java.lang.AssertionError -->
          <reporter-output>
          </reporter-output>
        </test-method> <!-- verify_account_registration -->
        <test-method is-config="true" signature="teardown()[pri:0, instance:testCases.TC001_RegistrationCheck@79924b]" started-at="2025-02-05T17:01:27 IST" name="teardown" finished-at="2025-02-05T17:01:28 IST" duration-ms="307" status="PASS">
          <reporter-output>
          </reporter-output>
        </test-method> <!-- teardown -->
      </class> <!-- testCases.TC001_RegistrationCheck -->
    </test> <!-- Test -->
  </suite> <!-- Suite -->
</testng-results>
